<?xml version="1.0" encoding="UTF-8"?>
<testsuite xmlns:xsi="http://www.w3.org/2001/XMLSchema-instance" xsi:noNamespaceSchemaLocation="https://maven.apache.org/surefire/maven-surefire-plugin/xsd/surefire-test-report.xsd" version="3.0.2" name="bhabishya.ledger.controller.LedgerControllerTest" time="2.752" tests="6" errors="0" skipped="0" failures="0">
  <properties>
[...]
</properties>
  <testcase name="testGetAllTransactionHistory" classname="bhabishya.ledger.controller.LedgerControllerTest" time="0.276">
    <system-out><![CDATA[17:56:26.686 [main] INFO org.springframework.test.context.support.AnnotationConfigContextLoaderUtils -- Could not detect default configuration classes for test class [bhabishya.ledger.controller.LedgerControllerTest]: LedgerControllerTest does not declare any static, non-private, non-final, nested classes annotated with @Configuration.
17:56:26.812 [main] INFO org.springframework.boot.test.context.SpringBootTestContextBootstrapper -- Found @SpringBootConfiguration bhabishya.ledger.LedgerApplication for test class bhabishya.ledger.controller.LedgerControllerTest

  .   ____          _            __ _ _
 /\\ / ___'_ __ _ _(_)_ __  __ _ \ \ \ \
( ( )\___ | '_ | '_| | '_ \/ _` | \ \ \ \
 \\/  ___)| |_)| | | | | || (_| |  ) ) ) )
  '  |____| .__|_| |_|_| |_\__, | / / / /
 =========|_|==============|___/=/_/_/_/

 :: Spring Boot ::                (v3.4.4)

2025-04-07T17:56:27.760+01:00  INFO 27224 --- [ledger] [           main] b.l.controller.LedgerControllerTest      : Starting LedgerControllerTest using Java 21.0.6 with PID 27224 (started by B in C:\Users\B\Documents\jobsearch2025\ledger)
2025-04-07T17:56:27.761+01:00  INFO 27224 --- [ledger] [           main] b.l.controller.LedgerControllerTest      : No active profile set, falling back to 1 default profile: "default"
2025-04-07T17:56:28.833+01:00  INFO 27224 --- [ledger] [           main] o.s.b.t.m.w.SpringBootMockServletContext : Initializing Spring TestDispatcherServlet ''
2025-04-07T17:56:28.834+01:00  INFO 27224 --- [ledger] [           main] o.s.t.web.servlet.TestDispatcherServlet  : Initializing Servlet ''
2025-04-07T17:56:28.837+01:00  INFO 27224 --- [ledger] [           main] o.s.t.web.servlet.TestDispatcherServlet  : Completed initialization in 1 ms
2025-04-07T17:56:28.878+01:00  INFO 27224 --- [ledger] [           main] b.l.controller.LedgerControllerTest      : Started LedgerControllerTest in 1.42 seconds (process running for 2.752)
]]></system-out>
    <system-err><![CDATA[Mockito is currently self-attaching to enable the inline-mock-maker. This will no longer work in future releases of the JDK. Please add Mockito as an agent to your build what is described in Mockito's documentation: https://javadoc.io/doc/org.mockito/mockito-core/latest/org/mockito/Mockito.html#0.3
WARNING: A Java agent has been loaded dynamically (C:\Users\B\.m2\repository\net\bytebuddy\byte-buddy-agent\1.15.11\byte-buddy-agent-1.15.11.jar)
WARNING: If a serviceability tool is in use, please run with -XX:+EnableDynamicAgentLoading to hide this warning
WARNING: If a serviceability tool is not in use, please run with -Djdk.instrument.traceUsage for more information
WARNING: Dynamic loading of agents will be disallowed by default in a future release
]]></system-err>
  </testcase>
  <testcase name="testGetBalance" classname="bhabishya.ledger.controller.LedgerControllerTest" time="0.04"/>
  <testcase name="testGetTransactionHistory" classname="bhabishya.ledger.controller.LedgerControllerTest" time="0.005"/>
  <testcase name="testRecordTransactionSuccess" classname="bhabishya.ledger.controller.LedgerControllerTest" time="0.069"/>
  <testcase name="testRecordTransactionUserNotFound" classname="bhabishya.ledger.controller.LedgerControllerTest" time="0.007"/>
  <testcase name="testRecordTransactionFailureInsufficientBalance" classname="bhabishya.ledger.controller.LedgerControllerTest" time="0.006"/>
</testsuite>